<?xml version="1.0" encoding="UTF-8"?>
<testng-results skipped="0" failed="0" ignored="0" total="1" passed="1">
  <reporter-output>
  </reporter-output>
  <suite name="Default suite" duration-ms="64" started-at="2017-12-07T04:40:53Z" finished-at="2017-12-07T04:40:53Z">
    <groups>
    </groups>
    <test name="Default test" duration-ms="64" started-at="2017-12-07T04:40:53Z" finished-at="2017-12-07T04:40:53Z">
      <class name="Osclogin">
        <test-method status="PASS" signature="test()[pri:0, instance:Osclogin@4590c9c3]" name="test" duration-ms="35" started-at="2017-12-06T20:40:53Z" finished-at="2017-12-06T20:40:53Z">
          <reporter-output>
          </reporter-output>
        </test-method> <!-- test -->
      </class> <!-- Osclogin -->
    </test> <!-- Default test -->
  </suite> <!-- Default suite -->
</testng-results>
